This file contains any messages produced by compilers while
running configure, to aid debugging if configure makes a mistake.

It was created by nm-nebulavpn configure 1.0.0, which was
generated by GNU Autoconf 2.72.  Invocation command line was

  $ ./configure

## --------- ##
## Platform. ##
## --------- ##

hostname = ooichman
uname -m = x86_64
uname -r = 6.17.10-100.fc41.x86_64
uname -s = Linux
uname -v = #1 SMP PREEMPT_DYNAMIC Mon Dec  1 16:10:21 UTC 2025

/usr/bin/uname -p = unknown
/bin/uname -X     = unknown

/bin/arch              = x86_64
/usr/bin/arch -k       = unknown
/usr/convex/getsysinfo = unknown
/usr/bin/hostinfo      = unknown
/bin/machine           = unknown
/usr/bin/oslevel       = unknown
/bin/universe          = unknown

PATH: /home/ooichman/.local/bin/
PATH: /home/ooichman/go/bin/
PATH: /home/ooichman/.local/bin/
PATH: /home/ooichman/go/bin/
PATH: /usr/local/bin/
PATH: /usr/bin/
PATH: /usr/local/sbin/
PATH: /usr/sbin/
PATH: /opt/idea/bin/
PATH: /home/ooichman/.local/bin/
PATH: /home/ooichman/bin/
PATH: /opt/idea/bin/


## ----------- ##
## Core tests. ##
## ----------- ##

configure:2420: looking for aux files: config.guess config.sub ltmain.sh compile missing install-sh
configure:2433:  trying ./
configure:2462:   ./config.guess found
configure:2462:   ./config.sub found
configure:2462:   ./ltmain.sh found
configure:2462:   ./compile found
configure:2462:   ./missing found
configure:2444:   ./install-sh found
configure:2596: checking for a BSD-compatible install
configure:2670: result: /usr/bin/install -c
configure:2681: checking whether build environment is sane
configure:2736: result: yes
configure:2897: checking for a race-free mkdir -p
configure:2940: result: /usr/bin/mkdir -p
configure:2947: checking for gawk
configure:2968: found /usr/bin/gawk
configure:2980: result: gawk
configure:2991: checking whether make sets $(MAKE)
configure:3015: result: yes
configure:3045: checking whether make supports nested variables
configure:3064: result: yes
configure:3263: checking for gcc
configure:3284: found /usr/bin/gcc
configure:3296: result: gcc
configure:3655: checking for C compiler version
configure:3664: gcc --version >&5
gcc (GCC) 14.3.1 20251022 (Red Hat 14.3.1-4)
Copyright (C) 2024 Free Software Foundation, Inc.
This is free software; see the source for copying conditions.  There is NO
warranty; not even for MERCHANTABILITY or FITNESS FOR A PARTICULAR PURPOSE.

configure:3675: $? = 0
configure:3664: gcc -v >&5
Using built-in specs.
COLLECT_GCC=gcc
COLLECT_LTO_WRAPPER=/usr/libexec/gcc/x86_64-redhat-linux/14/lto-wrapper
OFFLOAD_TARGET_NAMES=nvptx-none:amdgcn-amdhsa
OFFLOAD_TARGET_DEFAULT=1
Target: x86_64-redhat-linux
Configured with: ../configure --enable-bootstrap --enable-languages=c,c++,fortran,objc,obj-c++,ada,go,d,m2,lto --prefix=/usr --mandir=/usr/share/man --infodir=/usr/share/info --with-bugurl=http://bugzilla.redhat.com/bugzilla --enable-shared --enable-threads=posix --enable-checking=release --enable-multilib --with-system-zlib --enable-__cxa_atexit --disable-libunwind-exceptions --enable-gnu-unique-object --enable-linker-build-id --with-gcc-major-version-only --enable-libstdcxx-backtrace --with-libstdcxx-zoneinfo=/usr/share/zoneinfo --with-linker-hash-style=gnu --enable-plugin --enable-initfini-array --with-isl=/builddir/build/BUILD/gcc-14.3.1-build/gcc-14.3.1-20251022/obj-x86_64-redhat-linux/isl-install --enable-offload-targets=nvptx-none,amdgcn-amdhsa --enable-offload-defaulted --without-cuda-driver --enable-gnu-indirect-function --enable-cet --with-tune=generic --with-arch_32=i686 --build=x86_64-redhat-linux --with-build-config=bootstrap-lto --enable-link-serialization=1
Thread model: posix
Supported LTO compression algorithms: zlib zstd
gcc version 14.3.1 20251022 (Red Hat 14.3.1-4) (GCC) 
... rest of stderr output deleted ...
configure:3675: $? = 0
configure:3664: gcc -V >&5
gcc: error: unrecognized command-line option '-V'
gcc: fatal error: no input files
compilation terminated.
configure:3675: $? = 1
configure:3664: gcc -qversion >&5
gcc: error: unrecognized command-line option '-qversion'; did you mean '--version'?
gcc: fatal error: no input files
compilation terminated.
configure:3675: $? = 1
configure:3664: gcc -version >&5
gcc: error: unrecognized command-line option '-version'
gcc: fatal error: no input files
compilation terminated.
configure:3675: $? = 1
configure:3695: checking whether the C compiler works
configure:3717: gcc    conftest.c  >&5
configure:3721: $? = 0
configure:3772: result: yes
configure:3776: checking for C compiler default output file name
configure:3778: result: a.out
configure:3784: checking for suffix of executables
configure:3791: gcc -o conftest    conftest.c  >&5
configure:3795: $? = 0
configure:3819: result: 
configure:3843: checking whether we are cross compiling
configure:3851: gcc -o conftest    conftest.c  >&5
configure:3855: $? = 0
configure:3862: ./conftest
configure:3866: $? = 0
configure:3881: result: no
configure:3887: checking for suffix of object files
configure:3910: gcc -c   conftest.c >&5
configure:3914: $? = 0
configure:3938: result: o
configure:3942: checking whether the compiler supports GNU C
configure:3962: gcc -c   conftest.c >&5
configure:3962: $? = 0
configure:3974: result: yes
configure:3985: checking whether gcc accepts -g
configure:4006: gcc -c -g  conftest.c >&5
configure:4006: $? = 0
configure:4053: result: yes
configure:4073: checking for gcc option to enable C11 features
configure:4088: gcc  -c -g -O2  conftest.c >&5
configure:4088: $? = 0
configure:4107: result: none needed
configure:4231: checking whether gcc understands -c and -o together
configure:4254: gcc -c conftest.c -o conftest2.o
configure:4257: $? = 0
configure:4254: gcc -c conftest.c -o conftest2.o
configure:4257: $? = 0
configure:4270: result: yes
configure:4290: checking whether make supports the include directive
configure:4305: make -f confmf.GNU && cat confinc.out
this is the am__doit target
configure:4308: $? = 0
configure:4327: result: yes (GNU style)
configure:4353: checking dependency style of gcc
configure:4466: result: gcc3
configure:4514: checking build system type
configure:4530: result: x86_64-pc-linux-gnu
configure:4550: checking host system type
configure:4565: result: x86_64-pc-linux-gnu
configure:4606: checking how to print strings
configure:4633: result: printf
configure:4654: checking for a sed that does not truncate output
configure:4726: result: /usr/bin/sed
configure:4744: checking for grep that handles long lines and -e
configure:4810: result: /usr/bin/grep
configure:4815: checking for egrep
configure:4885: result: /usr/bin/grep -E
configure:4892: checking for fgrep
configure:4962: result: /usr/bin/grep -F
configure:4999: checking for ld used by gcc
configure:5068: result: /usr/bin/ld
configure:5075: checking if the linker (/usr/bin/ld) is GNU ld
configure:5092: result: yes
configure:5104: checking for BSD- or MS-compatible name lister (nm)
configure:5160: result: /usr/bin/nm -B
configure:5302: checking the name lister (/usr/bin/nm -B) interface
configure:5310: gcc -c -g -O2  conftest.c >&5
configure:5313: /usr/bin/nm -B "conftest.o"
configure:5316: output
0000000000000000 B some_variable
configure:5324: result: BSD nm
configure:5327: checking whether ln -s works
configure:5331: result: yes
configure:5339: checking the maximum length of command line arguments
configure:5472: result: 1572864
configure:5520: checking how to convert x86_64-pc-linux-gnu file names to x86_64-pc-linux-gnu format
configure:5562: result: func_convert_file_noop
configure:5569: checking how to convert x86_64-pc-linux-gnu file names to toolchain format
configure:5591: result: func_convert_file_noop
configure:5598: checking for /usr/bin/ld option to reload object files
configure:5607: result: -r
configure:5687: checking for file
configure:5708: found /usr/bin/file
configure:5720: result: file
configure:5797: checking for objdump
configure:5818: found /usr/bin/objdump
configure:5830: result: objdump
configure:5862: checking how to recognize dependent libraries
configure:6064: result: pass_all
configure:6155: checking for dlltool
configure:6191: result: no
configure:6221: checking how to associate runtime and link libraries
configure:6250: result: printf %s\n
configure:6317: checking for ar
configure:6338: found /usr/bin/ar
configure:6350: result: ar
configure:6403: checking for archiver @FILE support
configure:6421: gcc -c -g -O2  conftest.c >&5
configure:6421: $? = 0
configure:6425: ar cr libconftest.a @conftest.lst >&5
configure:6428: $? = 0
configure:6433: ar cr libconftest.a @conftest.lst >&5
ar: conftest.o: No such file or directory
configure:6436: $? = 1
configure:6449: result: @
configure:6513: checking for strip
configure:6534: found /usr/bin/strip
configure:6546: result: strip
configure:6624: checking for ranlib
configure:6645: found /usr/bin/ranlib
configure:6657: result: ranlib
configure:6759: checking command to parse /usr/bin/nm -B output from gcc object
configure:6913: gcc -c -g -O2  conftest.c >&5
configure:6916: $? = 0
configure:6920: /usr/bin/nm -B conftest.o \| /usr/bin/sed -n -e 's/^.*[ ]\([ABCDGIRSTW][ABCDGIRSTW]*\)[ ][ ]*\([_A-Za-z][_A-Za-z0-9]*\)$/\1 \2 \2/p' | /usr/bin/sed '/ __gnu_lto/d' \> conftest.nm
configure:6923: $? = 0
configure:6989: gcc -o conftest -g -O2   conftest.c conftstm.o >&5
configure:6992: $? = 0
configure:7031: result: ok
configure:7078: checking for sysroot
configure:7110: result: no
configure:7117: checking for a working dd
configure:7162: result: /usr/bin/dd
configure:7166: checking how to truncate binary pipes
configure:7183: result: /usr/bin/dd bs=4096 count=1
configure:7320: gcc -c -g -O2  conftest.c >&5
configure:7323: $? = 0
configure:7523: checking for mt
configure:7559: result: no
configure:7579: checking if : is a manifest tool
configure:7586: : '-?'
configure:7595: result: no
configure:8334: checking for stdio.h
configure:8334: gcc -c -g -O2  conftest.c >&5
configure:8334: $? = 0
configure:8334: result: yes
configure:8334: checking for stdlib.h
configure:8334: gcc -c -g -O2  conftest.c >&5
configure:8334: $? = 0
configure:8334: result: yes
configure:8334: checking for string.h
configure:8334: gcc -c -g -O2  conftest.c >&5
configure:8334: $? = 0
configure:8334: result: yes
configure:8334: checking for inttypes.h
configure:8334: gcc -c -g -O2  conftest.c >&5
configure:8334: $? = 0
configure:8334: result: yes
configure:8334: checking for stdint.h
configure:8334: gcc -c -g -O2  conftest.c >&5
configure:8334: $? = 0
configure:8334: result: yes
configure:8334: checking for strings.h
configure:8334: gcc -c -g -O2  conftest.c >&5
configure:8334: $? = 0
configure:8334: result: yes
configure:8334: checking for sys/stat.h
configure:8334: gcc -c -g -O2  conftest.c >&5
configure:8334: $? = 0
configure:8334: result: yes
configure:8334: checking for sys/types.h
configure:8334: gcc -c -g -O2  conftest.c >&5
configure:8334: $? = 0
configure:8334: result: yes
configure:8334: checking for unistd.h
configure:8334: gcc -c -g -O2  conftest.c >&5
configure:8334: $? = 0
configure:8334: result: yes
configure:8359: checking for dlfcn.h
configure:8359: gcc -c -g -O2  conftest.c >&5
configure:8359: $? = 0
configure:8359: result: yes
configure:8624: checking for objdir
configure:8641: result: .libs
configure:8907: checking if gcc supports -fno-rtti -fno-exceptions
configure:8926: gcc -c -g -O2  -fno-rtti -fno-exceptions conftest.c >&5
cc1: warning: command-line option '-fno-rtti' is valid for C++/D/ObjC++ but not for C
configure:8930: $? = 0
configure:8944: result: no
configure:9302: checking for gcc option to produce PIC
configure:9311: result: -fPIC -DPIC
configure:9319: checking if gcc PIC flag -fPIC -DPIC works
configure:9338: gcc -c -g -O2  -fPIC -DPIC -DPIC conftest.c >&5
configure:9342: $? = 0
configure:9356: result: yes
configure:9385: checking if gcc static flag -static works
configure:9415: result: no
configure:9430: checking if gcc supports -c -o file.o
configure:9452: gcc -c -g -O2  -o out/conftest2.o conftest.c >&5
configure:9456: $? = 0
configure:9479: result: yes
configure:9487: checking if gcc supports -c -o file.o
configure:9536: result: yes
configure:9569: checking whether the gcc linker (/usr/bin/ld -m elf_x86_64) supports shared libraries
configure:10842: result: yes
configure:10879: checking whether -lc should be explicitly linked in
configure:10888: gcc -c -g -O2  conftest.c >&5
configure:10891: $? = 0
configure:10906: gcc -shared  -fPIC -DPIC conftest.o  -v -Wl,-soname -Wl,conftest -o conftest 2\>\&1 \| /usr/bin/grep  -lc  \>/dev/null 2\>\&1
configure:10909: $? = 0
configure:10924: result: no
configure:11084: checking dynamic linker characteristics
configure:11666: gcc -o conftest -g -O2   -Wl,-rpath -Wl,/foo conftest.c  >&5
configure:11666: $? = 0
configure:11909: result: GNU/Linux ld.so
configure:12031: checking how to hardcode library paths into programs
configure:12056: result: immediate
configure:12656: checking whether stripping libraries is possible
configure:12665: result: yes
configure:12707: checking if libtool supports shared libraries
configure:12709: result: yes
configure:12712: checking whether to build shared libraries
configure:12737: result: yes
configure:12740: checking whether to build static libraries
configure:12744: result: yes
configure:12858: checking for pkg-config
configure:12881: found /usr/bin/pkg-config
configure:12894: result: /usr/bin/pkg-config
configure:12919: checking pkg-config is at least version 0.9.0
configure:12922: result: yes
configure:12935: checking for glib-2.0 >= 2.64
configure:12942: $PKG_CONFIG --exists --print-errors "glib-2.0 >= 2.64"
configure:12945: $? = 0
configure:12959: $PKG_CONFIG --exists --print-errors "glib-2.0 >= 2.64"
configure:12962: $? = 0
configure:13020: result: yes
configure:13026: checking for gio-2.0 >= 2.64
configure:13033: $PKG_CONFIG --exists --print-errors "gio-2.0 >= 2.64"
configure:13036: $? = 0
configure:13050: $PKG_CONFIG --exists --print-errors "gio-2.0 >= 2.64"
configure:13053: $? = 0
configure:13111: result: yes
configure:13117: checking for gtk4 >= 4.0.0
configure:13124: $PKG_CONFIG --exists --print-errors "gtk4 >= 4.0.0"
configure:13127: $? = 0
configure:13141: $PKG_CONFIG --exists --print-errors "gtk4 >= 4.0.0"
configure:13144: $? = 0
configure:13182: result: yes
configure:13189: checking for libnm >= 1.50.3
configure:13196: $PKG_CONFIG --exists --print-errors "libnm >= 1.50.3"
configure:13199: $? = 0
configure:13213: $PKG_CONFIG --exists --print-errors "libnm >= 1.50.3"
configure:13216: $? = 0
configure:13254: result: yes
configure:13267: checking for libnma >= 1.10.6
configure:13274: $PKG_CONFIG --exists --print-errors "libnma >= 1.10.6"
configure:13277: $? = 0
configure:13291: $PKG_CONFIG --exists --print-errors "libnma >= 1.10.6"
configure:13294: $? = 0
configure:13332: result: yes
configure:13443: checking that generated files are newer than configure
configure:13449: result: done
configure:13472: creating ./config.status

## ---------------------- ##
## Running config.status. ##
## ---------------------- ##

This file was extended by nm-nebulavpn config.status 1.0.0, which was
generated by GNU Autoconf 2.72.  Invocation command line was

  CONFIG_FILES    = 
  CONFIG_HEADERS  = 
  CONFIG_LINKS    = 
  CONFIG_COMMANDS = 
  $ ./config.status 

on ooichman

config.status:1109: creating Makefile
config.status:1109: creating src/Makefile
config.status:1109: creating config.h
config.status:1338: executing depfiles commands
config.status:1415: cd src       && sed -e '/# am--include-marker/d' Makefile         | make -f - am--depfiles
make: Nothing to be done for 'am--depfiles'.
config.status:1420: $? = 0
config.status:1338: executing libtool commands

## ---------------- ##
## Cache variables. ##
## ---------------- ##

ac_cv_build=x86_64-pc-linux-gnu
ac_cv_c_compiler_gnu=yes
ac_cv_env_CC_set=
ac_cv_env_CC_value=
ac_cv_env_CFLAGS_set=
ac_cv_env_CFLAGS_value=
ac_cv_env_CPPFLAGS_set=
ac_cv_env_CPPFLAGS_value=
ac_cv_env_GIO_CFLAGS_set=
ac_cv_env_GIO_CFLAGS_value=
ac_cv_env_GIO_LIBS_set=
ac_cv_env_GIO_LIBS_value=
ac_cv_env_GLIB_CFLAGS_set=
ac_cv_env_GLIB_CFLAGS_value=
ac_cv_env_GLIB_LIBS_set=
ac_cv_env_GLIB_LIBS_value=
ac_cv_env_GTK_CFLAGS_set=
ac_cv_env_GTK_CFLAGS_value=
ac_cv_env_GTK_LIBS_set=
ac_cv_env_GTK_LIBS_value=
ac_cv_env_LDFLAGS_set=
ac_cv_env_LDFLAGS_value=
ac_cv_env_LIBS_set=
ac_cv_env_LIBS_value=
ac_cv_env_LT_SYS_LIBRARY_PATH_set=
ac_cv_env_LT_SYS_LIBRARY_PATH_value=
ac_cv_env_NM_CFLAGS_set=
ac_cv_env_NM_CFLAGS_value=
ac_cv_env_NM_LIBS_set=
ac_cv_env_NM_LIBS_value=
ac_cv_env_NM_UI_CFLAGS_set=
ac_cv_env_NM_UI_CFLAGS_value=
ac_cv_env_NM_UI_LIBS_set=
ac_cv_env_NM_UI_LIBS_value=
ac_cv_env_PKG_CONFIG_LIBDIR_set=
ac_cv_env_PKG_CONFIG_LIBDIR_value=
ac_cv_env_PKG_CONFIG_PATH_set=
ac_cv_env_PKG_CONFIG_PATH_value=
ac_cv_env_PKG_CONFIG_set=
ac_cv_env_PKG_CONFIG_value=
ac_cv_env_build_alias_set=
ac_cv_env_build_alias_value=
ac_cv_env_host_alias_set=
ac_cv_env_host_alias_value=
ac_cv_env_target_alias_set=
ac_cv_env_target_alias_value=
ac_cv_header_dlfcn_h=yes
ac_cv_header_inttypes_h=yes
ac_cv_header_stdint_h=yes
ac_cv_header_stdio_h=yes
ac_cv_header_stdlib_h=yes
ac_cv_header_string_h=yes
ac_cv_header_strings_h=yes
ac_cv_header_sys_stat_h=yes
ac_cv_header_sys_types_h=yes
ac_cv_header_unistd_h=yes
ac_cv_host=x86_64-pc-linux-gnu
ac_cv_objext=o
ac_cv_path_EGREP='/usr/bin/grep -E'
ac_cv_path_EGREP_TRADITIONAL='/usr/bin/grep -E'
ac_cv_path_FGREP='/usr/bin/grep -F'
ac_cv_path_GREP=/usr/bin/grep
ac_cv_path_SED=/usr/bin/sed
ac_cv_path_ac_pt_PKG_CONFIG=/usr/bin/pkg-config
ac_cv_path_install='/usr/bin/install -c'
ac_cv_path_lt_DD=/usr/bin/dd
ac_cv_path_mkdir=/usr/bin/mkdir
ac_cv_prog_AWK=gawk
ac_cv_prog_ac_ct_AR=ar
ac_cv_prog_ac_ct_CC=gcc
ac_cv_prog_ac_ct_FILECMD=file
ac_cv_prog_ac_ct_OBJDUMP=objdump
ac_cv_prog_ac_ct_RANLIB=ranlib
ac_cv_prog_ac_ct_STRIP=strip
ac_cv_prog_cc_c11=
ac_cv_prog_cc_g=yes
ac_cv_prog_cc_stdc=
ac_cv_prog_make_make_set=yes
am_cv_CC_dependencies_compiler_type=gcc3
am_cv_make_support_nested_variables=yes
am_cv_prog_cc_c_o=yes
lt_cv_ar_at_file=@
lt_cv_archive_cmds_need_lc=no
lt_cv_deplibs_check_method=pass_all
lt_cv_file_magic_cmd='$MAGIC_CMD'
lt_cv_file_magic_test_file=
lt_cv_ld_reload_flag=-r
lt_cv_nm_interface='BSD nm'
lt_cv_objdir=.libs
lt_cv_path_LD=/usr/bin/ld
lt_cv_path_NM='/usr/bin/nm -B'
lt_cv_path_mainfest_tool=no
lt_cv_prog_compiler_c_o=yes
lt_cv_prog_compiler_pic='-fPIC -DPIC'
lt_cv_prog_compiler_pic_works=yes
lt_cv_prog_compiler_rtti_exceptions=no
lt_cv_prog_compiler_static_works=no
lt_cv_prog_gnu_ld=yes
lt_cv_sharedlib_from_linklib_cmd='printf %s\n'
lt_cv_shlibpath_overrides_runpath=yes
lt_cv_sys_global_symbol_pipe='/usr/bin/sed -n -e '\''s/^.*[	 ]\([ABCDGIRSTW][ABCDGIRSTW]*\)[	 ][	 ]*\([_A-Za-z][_A-Za-z0-9]*\)$/\1 \2 \2/p'\'' | /usr/bin/sed '\''/ __gnu_lto/d'\'''
lt_cv_sys_global_symbol_to_c_name_address='/usr/bin/sed -n -e '\''s/^: \(.*\) .*$/  {"\1", (void *) 0},/p'\'' -e '\''s/^[ABCDGIRSTW][ABCDGIRSTW]* .* \(.*\)$/  {"\1", (void *) \&\1},/p'\'''
lt_cv_sys_global_symbol_to_c_name_address_lib_prefix='/usr/bin/sed -n -e '\''s/^: \(.*\) .*$/  {"\1", (void *) 0},/p'\'' -e '\''s/^[ABCDGIRSTW][ABCDGIRSTW]* .* \(lib.*\)$/  {"\1", (void *) \&\1},/p'\'' -e '\''s/^[ABCDGIRSTW][ABCDGIRSTW]* .* \(.*\)$/  {"lib\1", (void *) \&\1},/p'\'''
lt_cv_sys_global_symbol_to_cdecl='/usr/bin/sed -n -e '\''s/^T .* \(.*\)$/extern int \1();/p'\'' -e '\''s/^[ABCDGIRSTW][ABCDGIRSTW]* .* \(.*\)$/extern char \1;/p'\'''
lt_cv_sys_global_symbol_to_import=
lt_cv_sys_max_cmd_len=1572864
lt_cv_to_host_file_cmd=func_convert_file_noop
lt_cv_to_tool_file_cmd=func_convert_file_noop
lt_cv_truncate_bin='/usr/bin/dd bs=4096 count=1'
pkg_cv_GIO_CFLAGS='-I/usr/include/glib-2.0 -I/usr/lib64/glib-2.0/include -DWITH_GZFILEOP -I/usr/include/libmount -I/usr/include/blkid -I/usr/include/sysprof-6 -pthread'
pkg_cv_GIO_LIBS='-lgio-2.0 -lgobject-2.0 -lglib-2.0'
pkg_cv_GLIB_CFLAGS='-I/usr/include/glib-2.0 -I/usr/lib64/glib-2.0/include -I/usr/include/sysprof-6 -pthread'
pkg_cv_GLIB_LIBS=-lglib-2.0
pkg_cv_GTK_CFLAGS='-I/usr/include/gtk-4.0 -I/usr/include/pango-1.0 -I/usr/include/fribidi -I/usr/include/harfbuzz -I/usr/include/gdk-pixbuf-2.0 -I/usr/include/webp -I/usr/include/cairo -I/usr/include/libxml2 -I/usr/include/freetype2 -I/usr/include/libpng16 -I/usr/include/pixman-1 -I/usr/include/graphene-1.0 -I/usr/lib64/graphene-1.0/include -mfpmath=sse -msse -msse2 -I/usr/include/glib-2.0 -I/usr/lib64/glib-2.0/include -DWITH_GZFILEOP -I/usr/include/libmount -I/usr/include/blkid -I/usr/include/sysprof-6 -pthread'
pkg_cv_GTK_LIBS='-lgtk-4 -lpangocairo-1.0 -lpango-1.0 -lharfbuzz -lgdk_pixbuf-2.0 -lcairo-gobject -lcairo -lvulkan -lgraphene-1.0 -lgio-2.0 -lgobject-2.0 -lglib-2.0'
pkg_cv_NM_CFLAGS='-I/usr/include/libnm -I/usr/include/glib-2.0 -I/usr/lib64/glib-2.0/include -DWITH_GZFILEOP -I/usr/include/libmount -I/usr/include/blkid -I/usr/include/sysprof-6 -pthread'
pkg_cv_NM_LIBS='-lnm -lgio-2.0 -lgobject-2.0 -lglib-2.0'
pkg_cv_NM_UI_CFLAGS='-I/usr/include/libnma -I/usr/include/libnm -I/usr/include/glib-2.0 -I/usr/lib64/glib-2.0/include -DWITH_GZFILEOP -I/usr/include/libmount -I/usr/include/blkid -I/usr/include/sysprof-6 -pthread'
pkg_cv_NM_UI_LIBS='-lnma -lnm -lgio-2.0 -lgobject-2.0 -lglib-2.0'

## ----------------- ##
## Output variables. ##
## ----------------- ##

ACLOCAL='${SHELL} '\''/home/ooichman/Projects/Desktop/nm-nebula-plugin/missing'\'' aclocal-1.16'
AMDEPBACKSLASH='\'
AMDEP_FALSE='#'
AMDEP_TRUE=''
AMTAR='$${TAR-tar}'
AM_BACKSLASH='\'
AM_DEFAULT_V='$(AM_DEFAULT_VERBOSITY)'
AM_DEFAULT_VERBOSITY='1'
AM_V='$(V)'
AR='ar'
AUTOCONF='${SHELL} '\''/home/ooichman/Projects/Desktop/nm-nebula-plugin/missing'\'' autoconf'
AUTOHEADER='${SHELL} '\''/home/ooichman/Projects/Desktop/nm-nebula-plugin/missing'\'' autoheader'
AUTOMAKE='${SHELL} '\''/home/ooichman/Projects/Desktop/nm-nebula-plugin/missing'\'' automake-1.16'
AWK='gawk'
CC='gcc'
CCDEPMODE='depmode=gcc3'
CFLAGS='-g -O2'
CPPFLAGS=''
CSCOPE='cscope'
CTAGS='ctags'
CYGPATH_W='echo'
DEFS='-DHAVE_CONFIG_H'
DEPDIR='.deps'
DLLTOOL='false'
DSYMUTIL=''
DUMPBIN=''
ECHO_C=''
ECHO_N='-n'
ECHO_T=''
EGREP='/usr/bin/grep -E'
ETAGS='etags'
EXEEXT=''
FGREP='/usr/bin/grep -F'
FILECMD='file'
GIO_CFLAGS='-I/usr/include/glib-2.0 -I/usr/lib64/glib-2.0/include -DWITH_GZFILEOP -I/usr/include/libmount -I/usr/include/blkid -I/usr/include/sysprof-6 -pthread'
GIO_LIBS='-lgio-2.0 -lgobject-2.0 -lglib-2.0'
GLIB_CFLAGS='-I/usr/include/glib-2.0 -I/usr/lib64/glib-2.0/include -I/usr/include/sysprof-6 -pthread'
GLIB_LIBS='-lglib-2.0'
GREP='/usr/bin/grep'
GTK_CFLAGS='-I/usr/include/gtk-4.0 -I/usr/include/pango-1.0 -I/usr/include/fribidi -I/usr/include/harfbuzz -I/usr/include/gdk-pixbuf-2.0 -I/usr/include/webp -I/usr/include/cairo -I/usr/include/libxml2 -I/usr/include/freetype2 -I/usr/include/libpng16 -I/usr/include/pixman-1 -I/usr/include/graphene-1.0 -I/usr/lib64/graphene-1.0/include -mfpmath=sse -msse -msse2 -I/usr/include/glib-2.0 -I/usr/lib64/glib-2.0/include -DWITH_GZFILEOP -I/usr/include/libmount -I/usr/include/blkid -I/usr/include/sysprof-6 -pthread'
GTK_LIBS='-lgtk-4 -lpangocairo-1.0 -lpango-1.0 -lharfbuzz -lgdk_pixbuf-2.0 -lcairo-gobject -lcairo -lvulkan -lgraphene-1.0 -lgio-2.0 -lgobject-2.0 -lglib-2.0'
INSTALL_DATA='${INSTALL} -m 644'
INSTALL_PROGRAM='${INSTALL}'
INSTALL_SCRIPT='${INSTALL}'
INSTALL_STRIP_PROGRAM='$(install_sh) -c -s'
LD='/usr/bin/ld -m elf_x86_64'
LDFLAGS=''
LIBOBJS=''
LIBS=''
LIBTOOL='$(SHELL) $(top_builddir)/libtool'
LIPO=''
LN_S='ln -s'
LTLIBOBJS=''
LT_SYS_LIBRARY_PATH=''
MAKEINFO='${SHELL} '\''/home/ooichman/Projects/Desktop/nm-nebula-plugin/missing'\'' makeinfo'
MANIFEST_TOOL=':'
MKDIR_P='/usr/bin/mkdir -p'
NM='/usr/bin/nm -B'
NMEDIT=''
NM_CFLAGS='-I/usr/include/libnm -I/usr/include/glib-2.0 -I/usr/lib64/glib-2.0/include -DWITH_GZFILEOP -I/usr/include/libmount -I/usr/include/blkid -I/usr/include/sysprof-6 -pthread'
NM_LIBS='-lnm -lgio-2.0 -lgobject-2.0 -lglib-2.0'
NM_UI_CFLAGS='-I/usr/include/libnma -I/usr/include/libnm -I/usr/include/glib-2.0 -I/usr/lib64/glib-2.0/include -DWITH_GZFILEOP -I/usr/include/libmount -I/usr/include/blkid -I/usr/include/sysprof-6 -pthread'
NM_UI_LIBS='-lnma -lnm -lgio-2.0 -lgobject-2.0 -lglib-2.0'
NM_UTIL_CFLAGS='-I/usr/include/libnm -I/usr/include/glib-2.0 -I/usr/lib64/glib-2.0/include -DWITH_GZFILEOP -I/usr/include/libmount -I/usr/include/blkid -I/usr/include/sysprof-6 -pthread'
NM_UTIL_LIBS='-lnm -lgio-2.0 -lgobject-2.0 -lglib-2.0'
NM_VPN_CFLAGS='-I/usr/include/libnm'
OBJDUMP='objdump'
OBJEXT='o'
OTOOL64=''
OTOOL=''
PACKAGE='nm-nebulavpn'
PACKAGE_BUGREPORT='two.oes@gmail.com'
PACKAGE_NAME='nm-nebulavpn'
PACKAGE_STRING='nm-nebulavpn 1.0.0'
PACKAGE_TARNAME='nm-nebulavpn'
PACKAGE_URL=''
PACKAGE_VERSION='1.0.0'
PATH_SEPARATOR=':'
PKG_CONFIG='/usr/bin/pkg-config'
PKG_CONFIG_LIBDIR=''
PKG_CONFIG_PATH=''
RANLIB='ranlib'
SED='/usr/bin/sed'
SET_MAKE=''
SHELL='/bin/sh'
STRIP='strip'
VERSION='1.0.0'
ac_ct_AR='ar'
ac_ct_CC='gcc'
ac_ct_DUMPBIN=''
am__EXEEXT_FALSE=''
am__EXEEXT_TRUE='#'
am__fastdepCC_FALSE='#'
am__fastdepCC_TRUE=''
am__include='include'
am__isrc=''
am__leading_dot='.'
am__nodep='_no'
am__quote=''
am__tar='$${TAR-tar} chof - "$$tardir"'
am__untar='$${TAR-tar} xf -'
bindir='${exec_prefix}/bin'
build='x86_64-pc-linux-gnu'
build_alias=''
build_cpu='x86_64'
build_os='linux-gnu'
build_vendor='pc'
datadir='${datarootdir}'
datarootdir='${prefix}/share'
docdir='${datarootdir}/doc/${PACKAGE_TARNAME}'
dvidir='${docdir}'
exec_prefix='${prefix}'
host='x86_64-pc-linux-gnu'
host_alias=''
host_cpu='x86_64'
host_os='linux-gnu'
host_vendor='pc'
htmldir='${docdir}'
includedir='${prefix}/include'
infodir='${datarootdir}/info'
install_sh='${SHELL} /home/ooichman/Projects/Desktop/nm-nebula-plugin/install-sh'
libdir='${exec_prefix}/lib'
libexecdir='${exec_prefix}/libexec'
localedir='${datarootdir}/locale'
localstatedir='${prefix}/var'
mandir='${datarootdir}/man'
mkdir_p='$(MKDIR_P)'
nmvpn_plugin_dir='${exec_prefix}/lib/NetworkManager/VPN'
oldincludedir='/usr/include'
pdfdir='${docdir}'
prefix='/usr/local'
program_transform_name='s,x,x,'
psdir='${docdir}'
runstatedir='${localstatedir}/run'
sbindir='${exec_prefix}/sbin'
sharedstatedir='${prefix}/com'
sysconfdir='${prefix}/etc'
target_alias=''

## ----------- ##
## confdefs.h. ##
## ----------- ##

/* confdefs.h */
#define PACKAGE_NAME "nm-nebulavpn"
#define PACKAGE_TARNAME "nm-nebulavpn"
#define PACKAGE_VERSION "1.0.0"
#define PACKAGE_STRING "nm-nebulavpn 1.0.0"
#define PACKAGE_BUGREPORT "two.oes@gmail.com"
#define PACKAGE_URL ""
#define PACKAGE "nm-nebulavpn"
#define VERSION "1.0.0"
#define HAVE_STDIO_H 1
#define HAVE_STDLIB_H 1
#define HAVE_STRING_H 1
#define HAVE_INTTYPES_H 1
#define HAVE_STDINT_H 1
#define HAVE_STRINGS_H 1
#define HAVE_SYS_STAT_H 1
#define HAVE_SYS_TYPES_H 1
#define HAVE_UNISTD_H 1
#define STDC_HEADERS 1
#define HAVE_DLFCN_H 1
#define LT_OBJDIR ".libs/"

configure: exit 0

## ---------------------- ##
## Running config.status. ##
## ---------------------- ##

This file was extended by nm-nebulavpn config.status 1.0.0, which was
generated by GNU Autoconf 2.72.  Invocation command line was

  CONFIG_FILES    = 
  CONFIG_HEADERS  = 
  CONFIG_LINKS    = 
  CONFIG_COMMANDS = 
  $ ./config.status config.h

on ooichman

config.status:1109: creating config.h
config.status:1290: config.h is unchanged
